<?xml version="1.0" encoding="UTF-8"?>
<!-- Generated by org.testng.reporters.JUnitXMLReporter -->
<testsuite ignored="0" hostname="Gubbala_Lokesh" failures="3" tests="21" name="Test2" time="64.588" errors="0" timestamp="2026-04-11T06:42:19 IST">
  <testcase classname="testCases.TC01_FooterTest" name="footerTest" time="2.151"/>
  <testcase classname="testCases.TC02_verifyTeamLogoTest" name="verifyTeamLogo" time="11.828"/>
  <testcase classname="testCases.TC02_verifyWinnersTest" name="verifyWinmers" time="1.698"/>
  <testcase classname="testCases.TC02_verifyWinnersTest" name="verifyWinmers" time="0.744"/>
  <testcase classname="testCases.TC02_verifyWinnersTest" name="verifyWinmers" time="0.663"/>
  <testcase classname="testCases.TC02_verifyWinnersTest" name="verifyWinmers" time="0.704">
    <failure type="java.lang.AssertionError" message="null">
      <![CDATA[java.lang.AssertionError: null
at testCases.TC02_verifyWinnersTest.verifyWinmers(TC02_verifyWinnersTest.java:34)
at java.base/java.util.ArrayList.forEach(ArrayList.java:1596)
... Removed 27 stack frames]]>
    </failure>
  </testcase> <!-- verifyWinmers -->
  <testcase classname="testCases.TC02_verifyWinnersTest" name="verifyWinmers" time="0.652"/>
  <testcase classname="testCases.TC02_verifyWinnersTest" name="verifyWinmers" time="0.773">
    <failure type="java.lang.AssertionError" message="null">
      <![CDATA[java.lang.AssertionError: null
at testCases.TC02_verifyWinnersTest.verifyWinmers(TC02_verifyWinnersTest.java:34)
at java.base/java.util.ArrayList.forEach(ArrayList.java:1596)
... Removed 27 stack frames]]>
    </failure>
  </testcase> <!-- verifyWinmers -->
  <testcase classname="testCases.TC02_verifyWinnersTest" name="verifyWinmers" time="0.698"/>
  <testcase classname="testCases.TC02_verifyWinnersTest" name="verifyWinmers" time="0.728"/>
  <testcase classname="testCases.TC02_verifyWinnersTest" name="verifyWinmers" time="0.84"/>
  <testcase classname="testCases.TC02_verifyWinnersTest" name="verifyWinmers" time="0.781"/>
  <testcase classname="testCases.TC02_verifyWinnersTest" name="verifyWinmers" time="0.77"/>
  <testcase classname="testCases.TC02_verifyWinnersTest" name="verifyWinmers" time="0.899"/>
  <testcase classname="testCases.TC02_verifyWinnersTest" name="verifyWinmers" time="0.778"/>
  <testcase classname="testCases.TC02_verifyWinnersTest" name="verifyWinmers" time="0.7"/>
  <testcase classname="testCases.TC02_verifyWinnersTest" name="verifyWinmers" time="0.666"/>
  <testcase classname="testCases.TC02_verifyWinnersTest" name="verifyWinmers" time="0.817">
    <failure type="java.lang.AssertionError" message="null">
      <![CDATA[java.lang.AssertionError: null
at testCases.TC02_verifyWinnersTest.verifyWinmers(TC02_verifyWinnersTest.java:34)
at java.base/java.util.ArrayList.forEach(ArrayList.java:1596)
... Removed 27 stack frames]]>
    </failure>
  </testcase> <!-- verifyWinmers -->
  <testcase classname="testCases.TC02_verifyWinnersTest" name="verifyWinmers" time="0.696"/>
  <testcase classname="testCases.TC03_verifyTop1ScoreTest" name="verifyTop1Score" time="5.03"/>
  <testcase classname="testCases.TC04_verifySearchFunctionalityTest" name="verifySearchFunctionality" time="5.61"/>
</testsuite> <!-- Test2 -->
