<?xml version="1.0" encoding="UTF-8"?>
<!-- Generated by org.testng.reporters.JUnitXMLReporter -->
<testsuite ignored="0" hostname="Gubbala_Lokesh" failures="0" tests="21" name="Test2" time="155.734" errors="0" timestamp="2026-04-15T03:52:38 IST">
  <testcase classname="testCases.TC01_FooterTest" name="footerTest" time="2.56"/>
  <testcase classname="testCases.TC02_verifyTeamLogoTest" name="verifyTeamLogo" time="11.96"/>
  <testcase classname="testCases.TC02_verifyWinnersTest" name="verifyWinmers" time="3.181"/>
  <testcase classname="testCases.TC02_verifyWinnersTest" name="verifyWinmers" time="6.117"/>
  <testcase classname="testCases.TC02_verifyWinnersTest" name="verifyWinmers" time="6.034"/>
  <testcase classname="testCases.TC02_verifyWinnersTest" name="verifyWinmers" time="5.8"/>
  <testcase classname="testCases.TC02_verifyWinnersTest" name="verifyWinmers" time="6.258"/>
  <testcase classname="testCases.TC02_verifyWinnersTest" name="verifyWinmers" time="6.696"/>
  <testcase classname="testCases.TC02_verifyWinnersTest" name="verifyWinmers" time="6.627"/>
  <testcase classname="testCases.TC02_verifyWinnersTest" name="verifyWinmers" time="5.782"/>
  <testcase classname="testCases.TC02_verifyWinnersTest" name="verifyWinmers" time="7.653"/>
  <testcase classname="testCases.TC02_verifyWinnersTest" name="verifyWinmers" time="6.594"/>
  <testcase classname="testCases.TC02_verifyWinnersTest" name="verifyWinmers" time="6.726"/>
  <testcase classname="testCases.TC02_verifyWinnersTest" name="verifyWinmers" time="6.851"/>
  <testcase classname="testCases.TC02_verifyWinnersTest" name="verifyWinmers" time="6.373"/>
  <testcase classname="testCases.TC02_verifyWinnersTest" name="verifyWinmers" time="6.921"/>
  <testcase classname="testCases.TC02_verifyWinnersTest" name="verifyWinmers" time="6.314"/>
  <testcase classname="testCases.TC02_verifyWinnersTest" name="verifyWinmers" time="6.793"/>
  <testcase classname="testCases.TC02_verifyWinnersTest" name="verifyWinmers" time="6.275"/>
  <testcase classname="testCases.TC03_verifyTop1ScoreTest" name="verifyTop1Score" time="2.385"/>
  <testcase classname="testCases.TC04_verifySearchFunctionalityTest" name="verifySearchFunctionality" time="5.731"/>
</testsuite> <!-- Test2 -->
