<?xml version="1.0" encoding="UTF-8"?>
<testng-results ignored="0" total="21" passed="21" failed="0" skipped="0">
  <reporter-output>
  </reporter-output>
  <suite started-at="2026-04-15T03:50:01 IST" name="Suite" finished-at="2026-04-15T03:52:37 IST" duration-ms="155734">
    <groups>
    </groups>
    <test started-at="2026-04-15T03:50:01 IST" name="Test2" finished-at="2026-04-15T03:52:37 IST" duration-ms="155734">
      <class name="testCases.TC02_verifyTeamLogoTest">
        <test-method is-config="true" signature="setUp(java.lang.String,java.lang.String)[pri:0, instance:testCases.TC02_verifyTeamLogoTest@198b6731]" started-at="2026-04-15T03:50:11 IST" name="setUp" finished-at="2026-04-15T03:50:14 IST" duration-ms="3337" status="PASS">
          <params>
            <param index="0">
              <value>
                <![CDATA[windows]]>
              </value>
            </param>
            <param index="1">
              <value>
                <![CDATA[edge]]>
              </value>
            </param>
          </params>
          <reporter-output>
          </reporter-output>
        </test-method> <!-- setUp -->
        <test-method signature="verifyTeamLogo()[pri:0, instance:testCases.TC02_verifyTeamLogoTest@198b6731]" started-at="2026-04-15T03:50:14 IST" name="verifyTeamLogo" finished-at="2026-04-15T03:50:26 IST" duration-ms="11960" status="PASS">
          <reporter-output>
          </reporter-output>
        </test-method> <!-- verifyTeamLogo -->
        <test-method is-config="true" signature="tearDown()[pri:0, instance:testCases.TC02_verifyTeamLogoTest@198b6731]" started-at="2026-04-15T03:50:26 IST" name="tearDown" finished-at="2026-04-15T03:50:26 IST" duration-ms="266" status="PASS">
          <reporter-output>
          </reporter-output>
        </test-method> <!-- tearDown -->
      </class> <!-- testCases.TC02_verifyTeamLogoTest -->
      <class name="testCases.TC04_verifySearchFunctionalityTest">
        <test-method is-config="true" signature="setUp(java.lang.String,java.lang.String)[pri:0, instance:testCases.TC04_verifySearchFunctionalityTest@3bf7ca37]" started-at="2026-04-15T03:52:27 IST" name="setUp" finished-at="2026-04-15T03:52:31 IST" duration-ms="3442" status="PASS">
          <params>
            <param index="0">
              <value>
                <![CDATA[windows]]>
              </value>
            </param>
            <param index="1">
              <value>
                <![CDATA[edge]]>
              </value>
            </param>
          </params>
          <reporter-output>
          </reporter-output>
        </test-method> <!-- setUp -->
        <test-method signature="verifySearchFunctionality()[pri:0, instance:testCases.TC04_verifySearchFunctionalityTest@3bf7ca37]" started-at="2026-04-15T03:52:31 IST" name="verifySearchFunctionality" finished-at="2026-04-15T03:52:36 IST" duration-ms="5731" status="PASS">
          <reporter-output>
          </reporter-output>
        </test-method> <!-- verifySearchFunctionality -->
        <test-method is-config="true" signature="tearDown()[pri:0, instance:testCases.TC04_verifySearchFunctionalityTest@3bf7ca37]" started-at="2026-04-15T03:52:36 IST" name="tearDown" finished-at="2026-04-15T03:52:37 IST" duration-ms="299" status="PASS">
          <reporter-output>
          </reporter-output>
        </test-method> <!-- tearDown -->
      </class> <!-- testCases.TC04_verifySearchFunctionalityTest -->
      <class name="testCases.TC02_verifyWinnersTest">
        <test-method is-config="true" signature="setUp(java.lang.String,java.lang.String)[pri:0, instance:testCases.TC02_verifyWinnersTest@7c6908d7]" started-at="2026-04-15T03:50:26 IST" name="setUp" finished-at="2026-04-15T03:50:30 IST" duration-ms="3514" status="PASS">
          <params>
            <param index="0">
              <value>
                <![CDATA[windows]]>
              </value>
            </param>
            <param index="1">
              <value>
                <![CDATA[edge]]>
              </value>
            </param>
          </params>
          <reporter-output>
          </reporter-output>
        </test-method> <!-- setUp -->
        <test-method signature="verifyWinmers(java.lang.String,java.lang.String)[pri:0, instance:testCases.TC02_verifyWinnersTest@7c6908d7]" started-at="2026-04-15T03:50:33 IST" name="verifyWinmers" data-provider="WinnersData" finished-at="2026-04-15T03:50:37 IST" duration-ms="3181" status="PASS">
          <params>
            <param index="0">
              <value>
                <![CDATA[2008]]>
              </value>
            </param>
            <param index="1">
              <value>
                <![CDATA[RR]]>
              </value>
            </param>
          </params>
          <reporter-output>
          </reporter-output>
        </test-method> <!-- verifyWinmers -->
        <test-method signature="verifyWinmers(java.lang.String,java.lang.String)[pri:0, instance:testCases.TC02_verifyWinnersTest@7c6908d7]" started-at="2026-04-15T03:50:37 IST" name="verifyWinmers" data-provider="WinnersData" finished-at="2026-04-15T03:50:43 IST" duration-ms="6117" status="PASS">
          <params>
            <param index="0">
              <value>
                <![CDATA[2010]]>
              </value>
            </param>
            <param index="1">
              <value>
                <![CDATA[CSK]]>
              </value>
            </param>
          </params>
          <reporter-output>
          </reporter-output>
        </test-method> <!-- verifyWinmers -->
        <test-method signature="verifyWinmers(java.lang.String,java.lang.String)[pri:0, instance:testCases.TC02_verifyWinnersTest@7c6908d7]" started-at="2026-04-15T03:50:43 IST" name="verifyWinmers" data-provider="WinnersData" finished-at="2026-04-15T03:50:49 IST" duration-ms="6034" status="PASS">
          <params>
            <param index="0">
              <value>
                <![CDATA[2011]]>
              </value>
            </param>
            <param index="1">
              <value>
                <![CDATA[CSK]]>
              </value>
            </param>
          </params>
          <reporter-output>
          </reporter-output>
        </test-method> <!-- verifyWinmers -->
        <test-method signature="verifyWinmers(java.lang.String,java.lang.String)[pri:0, instance:testCases.TC02_verifyWinnersTest@7c6908d7]" started-at="2026-04-15T03:50:49 IST" name="verifyWinmers" data-provider="WinnersData" finished-at="2026-04-15T03:50:55 IST" duration-ms="5800" status="PASS">
          <params>
            <param index="0">
              <value>
                <![CDATA[2012]]>
              </value>
            </param>
            <param index="1">
              <value>
                <![CDATA[KKR]]>
              </value>
            </param>
          </params>
          <reporter-output>
          </reporter-output>
        </test-method> <!-- verifyWinmers -->
        <test-method signature="verifyWinmers(java.lang.String,java.lang.String)[pri:0, instance:testCases.TC02_verifyWinnersTest@7c6908d7]" started-at="2026-04-15T03:50:55 IST" name="verifyWinmers" data-provider="WinnersData" finished-at="2026-04-15T03:51:01 IST" duration-ms="6258" status="PASS">
          <params>
            <param index="0">
              <value>
                <![CDATA[2013]]>
              </value>
            </param>
            <param index="1">
              <value>
                <![CDATA[MI]]>
              </value>
            </param>
          </params>
          <reporter-output>
          </reporter-output>
        </test-method> <!-- verifyWinmers -->
        <test-method signature="verifyWinmers(java.lang.String,java.lang.String)[pri:0, instance:testCases.TC02_verifyWinnersTest@7c6908d7]" started-at="2026-04-15T03:51:01 IST" name="verifyWinmers" data-provider="WinnersData" finished-at="2026-04-15T03:51:08 IST" duration-ms="6696" status="PASS">
          <params>
            <param index="0">
              <value>
                <![CDATA[2014]]>
              </value>
            </param>
            <param index="1">
              <value>
                <![CDATA[KKR]]>
              </value>
            </param>
          </params>
          <reporter-output>
          </reporter-output>
        </test-method> <!-- verifyWinmers -->
        <test-method signature="verifyWinmers(java.lang.String,java.lang.String)[pri:0, instance:testCases.TC02_verifyWinnersTest@7c6908d7]" started-at="2026-04-15T03:51:08 IST" name="verifyWinmers" data-provider="WinnersData" finished-at="2026-04-15T03:51:14 IST" duration-ms="6627" status="PASS">
          <params>
            <param index="0">
              <value>
                <![CDATA[2015]]>
              </value>
            </param>
            <param index="1">
              <value>
                <![CDATA[MI]]>
              </value>
            </param>
          </params>
          <reporter-output>
          </reporter-output>
        </test-method> <!-- verifyWinmers -->
        <test-method signature="verifyWinmers(java.lang.String,java.lang.String)[pri:0, instance:testCases.TC02_verifyWinnersTest@7c6908d7]" started-at="2026-04-15T03:51:14 IST" name="verifyWinmers" data-provider="WinnersData" finished-at="2026-04-15T03:51:20 IST" duration-ms="5782" status="PASS">
          <params>
            <param index="0">
              <value>
                <![CDATA[2016]]>
              </value>
            </param>
            <param index="1">
              <value>
                <![CDATA[SRH]]>
              </value>
            </param>
          </params>
          <reporter-output>
          </reporter-output>
        </test-method> <!-- verifyWinmers -->
        <test-method signature="verifyWinmers(java.lang.String,java.lang.String)[pri:0, instance:testCases.TC02_verifyWinnersTest@7c6908d7]" started-at="2026-04-15T03:51:20 IST" name="verifyWinmers" data-provider="WinnersData" finished-at="2026-04-15T03:51:28 IST" duration-ms="7653" status="PASS">
          <params>
            <param index="0">
              <value>
                <![CDATA[2017]]>
              </value>
            </param>
            <param index="1">
              <value>
                <![CDATA[MI]]>
              </value>
            </param>
          </params>
          <reporter-output>
          </reporter-output>
        </test-method> <!-- verifyWinmers -->
        <test-method signature="verifyWinmers(java.lang.String,java.lang.String)[pri:0, instance:testCases.TC02_verifyWinnersTest@7c6908d7]" started-at="2026-04-15T03:51:28 IST" name="verifyWinmers" data-provider="WinnersData" finished-at="2026-04-15T03:51:34 IST" duration-ms="6594" status="PASS">
          <params>
            <param index="0">
              <value>
                <![CDATA[2018]]>
              </value>
            </param>
            <param index="1">
              <value>
                <![CDATA[CSK]]>
              </value>
            </param>
          </params>
          <reporter-output>
          </reporter-output>
        </test-method> <!-- verifyWinmers -->
        <test-method signature="verifyWinmers(java.lang.String,java.lang.String)[pri:0, instance:testCases.TC02_verifyWinnersTest@7c6908d7]" started-at="2026-04-15T03:51:34 IST" name="verifyWinmers" data-provider="WinnersData" finished-at="2026-04-15T03:51:41 IST" duration-ms="6726" status="PASS">
          <params>
            <param index="0">
              <value>
                <![CDATA[2019]]>
              </value>
            </param>
            <param index="1">
              <value>
                <![CDATA[MI]]>
              </value>
            </param>
          </params>
          <reporter-output>
          </reporter-output>
        </test-method> <!-- verifyWinmers -->
        <test-method signature="verifyWinmers(java.lang.String,java.lang.String)[pri:0, instance:testCases.TC02_verifyWinnersTest@7c6908d7]" started-at="2026-04-15T03:51:41 IST" name="verifyWinmers" data-provider="WinnersData" finished-at="2026-04-15T03:51:48 IST" duration-ms="6851" status="PASS">
          <params>
            <param index="0">
              <value>
                <![CDATA[2020]]>
              </value>
            </param>
            <param index="1">
              <value>
                <![CDATA[MI]]>
              </value>
            </param>
          </params>
          <reporter-output>
          </reporter-output>
        </test-method> <!-- verifyWinmers -->
        <test-method signature="verifyWinmers(java.lang.String,java.lang.String)[pri:0, instance:testCases.TC02_verifyWinnersTest@7c6908d7]" started-at="2026-04-15T03:51:48 IST" name="verifyWinmers" data-provider="WinnersData" finished-at="2026-04-15T03:51:54 IST" duration-ms="6373" status="PASS">
          <params>
            <param index="0">
              <value>
                <![CDATA[2021]]>
              </value>
            </param>
            <param index="1">
              <value>
                <![CDATA[CSK]]>
              </value>
            </param>
          </params>
          <reporter-output>
          </reporter-output>
        </test-method> <!-- verifyWinmers -->
        <test-method signature="verifyWinmers(java.lang.String,java.lang.String)[pri:0, instance:testCases.TC02_verifyWinnersTest@7c6908d7]" started-at="2026-04-15T03:51:54 IST" name="verifyWinmers" data-provider="WinnersData" finished-at="2026-04-15T03:52:01 IST" duration-ms="6921" status="PASS">
          <params>
            <param index="0">
              <value>
                <![CDATA[2022]]>
              </value>
            </param>
            <param index="1">
              <value>
                <![CDATA[GT]]>
              </value>
            </param>
          </params>
          <reporter-output>
          </reporter-output>
        </test-method> <!-- verifyWinmers -->
        <test-method signature="verifyWinmers(java.lang.String,java.lang.String)[pri:0, instance:testCases.TC02_verifyWinnersTest@7c6908d7]" started-at="2026-04-15T03:52:01 IST" name="verifyWinmers" data-provider="WinnersData" finished-at="2026-04-15T03:52:07 IST" duration-ms="6314" status="PASS">
          <params>
            <param index="0">
              <value>
                <![CDATA[2023]]>
              </value>
            </param>
            <param index="1">
              <value>
                <![CDATA[CSK]]>
              </value>
            </param>
          </params>
          <reporter-output>
          </reporter-output>
        </test-method> <!-- verifyWinmers -->
        <test-method signature="verifyWinmers(java.lang.String,java.lang.String)[pri:0, instance:testCases.TC02_verifyWinnersTest@7c6908d7]" started-at="2026-04-15T03:52:07 IST" name="verifyWinmers" data-provider="WinnersData" finished-at="2026-04-15T03:52:14 IST" duration-ms="6793" status="PASS">
          <params>
            <param index="0">
              <value>
                <![CDATA[2024]]>
              </value>
            </param>
            <param index="1">
              <value>
                <![CDATA[KKR]]>
              </value>
            </param>
          </params>
          <reporter-output>
          </reporter-output>
        </test-method> <!-- verifyWinmers -->
        <test-method signature="verifyWinmers(java.lang.String,java.lang.String)[pri:0, instance:testCases.TC02_verifyWinnersTest@7c6908d7]" started-at="2026-04-15T03:52:14 IST" name="verifyWinmers" data-provider="WinnersData" finished-at="2026-04-15T03:52:21 IST" duration-ms="6275" status="PASS">
          <params>
            <param index="0">
              <value>
                <![CDATA[2025]]>
              </value>
            </param>
            <param index="1">
              <value>
                <![CDATA[RCB]]>
              </value>
            </param>
          </params>
          <reporter-output>
          </reporter-output>
        </test-method> <!-- verifyWinmers -->
        <test-method is-config="true" signature="tearDown()[pri:0, instance:testCases.TC02_verifyWinnersTest@7c6908d7]" started-at="2026-04-15T03:52:21 IST" name="tearDown" finished-at="2026-04-15T03:52:21 IST" duration-ms="304" status="PASS">
          <reporter-output>
          </reporter-output>
        </test-method> <!-- tearDown -->
      </class> <!-- testCases.TC02_verifyWinnersTest -->
      <class name="testCases.TC03_verifyTop1ScoreTest">
        <test-method is-config="true" signature="setUp(java.lang.String,java.lang.String)[pri:0, instance:testCases.TC03_verifyTop1ScoreTest@3c9754d8]" started-at="2026-04-15T03:52:21 IST" name="setUp" finished-at="2026-04-15T03:52:25 IST" duration-ms="3730" status="PASS">
          <params>
            <param index="0">
              <value>
                <![CDATA[windows]]>
              </value>
            </param>
            <param index="1">
              <value>
                <![CDATA[edge]]>
              </value>
            </param>
          </params>
          <reporter-output>
          </reporter-output>
        </test-method> <!-- setUp -->
        <test-method signature="verifyTop1Score()[pri:0, instance:testCases.TC03_verifyTop1ScoreTest@3c9754d8]" started-at="2026-04-15T03:52:25 IST" name="verifyTop1Score" finished-at="2026-04-15T03:52:27 IST" duration-ms="2385" status="PASS">
          <reporter-output>
          </reporter-output>
        </test-method> <!-- verifyTop1Score -->
        <test-method is-config="true" signature="tearDown()[pri:0, instance:testCases.TC03_verifyTop1ScoreTest@3c9754d8]" started-at="2026-04-15T03:52:27 IST" name="tearDown" finished-at="2026-04-15T03:52:27 IST" duration-ms="316" status="PASS">
          <reporter-output>
          </reporter-output>
        </test-method> <!-- tearDown -->
      </class> <!-- testCases.TC03_verifyTop1ScoreTest -->
      <class name="testCases.TC01_FooterTest">
        <test-method is-config="true" signature="setUp(java.lang.String,java.lang.String)[pri:0, instance:testCases.TC01_FooterTest@74e52ef6]" started-at="2026-04-15T03:50:01 IST" name="setUp" finished-at="2026-04-15T03:50:08 IST" duration-ms="6525" status="PASS">
          <params>
            <param index="0">
              <value>
                <![CDATA[windows]]>
              </value>
            </param>
            <param index="1">
              <value>
                <![CDATA[edge]]>
              </value>
            </param>
          </params>
          <reporter-output>
          </reporter-output>
        </test-method> <!-- setUp -->
        <test-method signature="footerTest()[pri:0, instance:testCases.TC01_FooterTest@74e52ef6]" started-at="2026-04-15T03:50:08 IST" name="footerTest" finished-at="2026-04-15T03:50:10 IST" duration-ms="2560" status="PASS">
          <reporter-output>
          </reporter-output>
        </test-method> <!-- footerTest -->
        <test-method is-config="true" signature="tearDown()[pri:0, instance:testCases.TC01_FooterTest@74e52ef6]" started-at="2026-04-15T03:50:10 IST" name="tearDown" finished-at="2026-04-15T03:50:11 IST" duration-ms="460" status="PASS">
          <reporter-output>
          </reporter-output>
        </test-method> <!-- tearDown -->
      </class> <!-- testCases.TC01_FooterTest -->
    </test> <!-- Test2 -->
  </suite> <!-- Suite -->
</testng-results>
