<?xml version="1.0" encoding="UTF-8"?>
<!-- Generated by org.testng.reporters.JUnitReportReporter -->
<testsuite hostname="Gubbala_Lokesh" failures="0" tests="17" name="testCases.TC02_verifyWinnersTest" time="106.995" errors="0" timestamp="2026-04-15T03:52:39 IST" skipped="0">
  <testcase classname="testCases.TC02_verifyWinnersTest" name="verifyWinmers" time="6.117"/>
  <testcase classname="testCases.TC02_verifyWinnersTest" name="verifyWinmers" time="6.921"/>
  <testcase classname="testCases.TC02_verifyWinnersTest" name="verifyWinmers" time="6.373"/>
  <testcase classname="testCases.TC02_verifyWinnersTest" name="verifyWinmers" time="6.258"/>
  <testcase classname="testCases.TC02_verifyWinnersTest" name="verifyWinmers" time="6.275"/>
  <testcase classname="testCases.TC02_verifyWinnersTest" name="verifyWinmers" time="3.181"/>
  <testcase classname="testCases.TC02_verifyWinnersTest" name="verifyWinmers" time="6.314"/>
  <testcase classname="testCases.TC02_verifyWinnersTest" name="verifyWinmers" time="6.627"/>
  <testcase classname="testCases.TC02_verifyWinnersTest" name="verifyWinmers" time="5.782"/>
  <testcase classname="testCases.TC02_verifyWinnersTest" name="verifyWinmers" time="6.594"/>
  <testcase classname="testCases.TC02_verifyWinnersTest" name="verifyWinmers" time="6.793"/>
  <testcase classname="testCases.TC02_verifyWinnersTest" name="verifyWinmers" time="5.800"/>
  <testcase classname="testCases.TC02_verifyWinnersTest" name="verifyWinmers" time="7.653"/>
  <testcase classname="testCases.TC02_verifyWinnersTest" name="verifyWinmers" time="6.726"/>
  <testcase classname="testCases.TC02_verifyWinnersTest" name="verifyWinmers" time="6.851"/>
  <testcase classname="testCases.TC02_verifyWinnersTest" name="verifyWinmers" time="6.034"/>
  <testcase classname="testCases.TC02_verifyWinnersTest" name="verifyWinmers" time="6.696"/>
</testsuite> <!-- testCases.TC02_verifyWinnersTest -->
